compile kernel...
scripts/kconfig/conf -s Config.in
#
# using defaults found in .config
#
  SPLIT   include/autoconf.h -> include/config/*
  GEN     include/bbconfigopts.h
  HOSTCC  applets/usage
  GEN     include/usage_compressed.h
  HOSTCC  applets/applet_tables
  GEN     include/applet_tables.h
  CC      applets/applets.o
  LD      applets/built-in.o
  HOSTCC  applets/usage_pod
  CC      libbb/appletlib.o
  AR      libbb/lib.a
  LINK    busybox_unstripped
Trying libraries: crypt m
 Library crypt is needed, can't exclude it (yet)
 Library m is not needed, excluding it
 Library crypt is needed, can't exclude it (yet)
Final link with: crypt
  DOC     busybox.pod
  DOC     BusyBox.txt
  DOC     busybox.1
  DOC     BusyBox.html
www/
www/cgi-bin/
www/cgi-bin/devices-info.sh
www/cgi-bin/uptime.sh
www/cgi-bin/delete-tmp.sh
www/cgi-bin/cpu-info.sh
www/cgi-bin/os-info.sh
www/cgi-bin/tmp-info.sh
www/cgi-bin/mem-info.sh
www/cgi-bin/net-info.sh
www/index.html
www/css/
www/css/bootstrap.css
www/js/
www/js/bootstrap.js
www/js/jquery.js
www/js/main.js
scripts/udhcpc/
scripts/udhcpc/simple.script
  HOSTCC  scripts/basic/fixdep
  HOSTCC  scripts/kconfig/conf.o
  HOSTCC  scripts/kconfig/zconf.tab.o
  HOSTLD  scripts/kconfig/conf
scripts/kconfig/conf --silentoldconfig Kconfig
  HOSTCC  scripts/dtc/checks.o
  HOSTCC  scripts/dtc/data.o
  HOSTCC  scripts/dtc/dtc-lexer.lex.o
  HOSTCC  scripts/dtc/dtc-parser.tab.o
  HOSTCC  scripts/dtc/dtc.o
  HOSTCC  scripts/dtc/flattree.o
  HOSTCC  scripts/dtc/fstree.o
  HOSTCC  scripts/dtc/livetree.o
  HOSTCC  scripts/dtc/srcpos.o
  HOSTCC  scripts/dtc/treesource.o
  HOSTCC  scripts/dtc/util.o
  HOSTLD  scripts/dtc/dtc
  CC      scripts/mod/empty.o
  HOSTCC  scripts/mod/mk_elfconfig
  MKELF   scripts/mod/elfconfig.h
  CC      scripts/mod/devicetable-offsets.s
  GEN     scripts/mod/devicetable-offsets.h
  HOSTCC  scripts/mod/file2alias.o
  HOSTCC  scripts/mod/modpost.o
  HOSTCC  scripts/mod/sumversion.o
  HOSTLD  scripts/mod/modpost
  HOSTCC  scripts/kallsyms
  HOSTCC  scripts/pnmtologo
  HOSTCC  scripts/conmakehash
  HOSTCC  scripts/sortextable
  DTC     arch/arm/boot/dts/vexpress-v2p-ca9.dtb
  CHK     include/config/kernel.release
  CHK     include/generated/uapi/linux/version.h
  CHK     include/generated/utsrelease.h
make[1]: `include/generated/mach-types.h' is up to date.
  CC      kernel/bounds.s
  GEN     include/generated/bounds.h
  CC      arch/arm/kernel/asm-offsets.s
  GEN     include/generated/asm-offsets.h
  CALL    scripts/checksyscalls.sh
  CC      init/main.o
  CHK     include/generated/compile.h
  CC      init/do_mounts.o
  CC      init/do_mounts_rd.o
  HOSTCC  usr/gen_init_cpio
  CC      arch/arm/vfp/vfpmodule.o
  GEN     usr/initramfs_data.cpio.gz
  AS      arch/arm/vfp/entry.o
  AS      arch/arm/vfp/vfphw.o
  CC      arch/arm/vfp/vfpsingle.o
  CC      init/do_mounts_initrd.o
  AS      usr/initramfs_data.o
  LD      usr/built-in.o
  CC      arch/arm/vfp/vfpdouble.o
  CC      init/initramfs.o
  CC      init/calibrate.o
  AS      arch/arm/kernel/entry-common.o
  CC      arch/arm/kernel/irq.o
  CC      arch/arm/kernel/opcodes.o
  LD      arch/arm/vfp/vfp.o
  LD      arch/arm/vfp/built-in.o
  CC      arch/arm/mm/dma-mapping.o
  CC      init/version.o
  LD      init/mounts.o
  CC      arch/arm/mm/extable.o
  CC      arch/arm/common/firmware.o
  CC      arch/arm/kernel/process.o
  CC      arch/arm/mm/fault.o
  LD      init/built-in.o
  CC      arch/arm/mm/init.o
  CC      arch/arm/common/icst.o
  CC      arch/arm/kernel/ptrace.o
  CC      arch/arm/common/timer-sp.o
  CC      arch/arm/kernel/return_address.o
  CC      arch/arm/kernel/setup.o
  CC      arch/arm/mm/iomap.o
  LD      arch/arm/common/built-in.o
  CC      arch/arm/kernel/signal.o
  LD      arch/arm/net/built-in.o
  LD      arch/arm/crypto/built-in.o
  CC      arch/arm/mm/fault-armv.o
  LD      arch/arm/firmware/built-in.o
  CC      arch/arm/mach-bcm/board_bcm2835.o
  CC      arch/arm/mm/flush.o
  CC      arch/arm/mm/idmap.o
  CC      arch/arm/mach-vexpress/v2m.o
  AS      arch/arm/kernel/sigreturn_codes.o
  LD      arch/arm/mach-bcm/built-in.o
  CC      arch/arm/kernel/stacktrace.o
  CC      arch/arm/mm/ioremap.o
  CC      arch/arm/kernel/sys_arm.o
  CC      arch/arm/kernel/time.o
  CC      arch/arm/kernel/traps.o
  CC      arch/arm/mm/mmap.o
  CC      arch/arm/mach-vexpress/ct-ca9x4.o
  CC      arch/arm/mm/pgd.o
  CC      arch/arm/mm/mmu.o
  CC      arch/arm/plat-versatile/sched-clock.o
  CC      arch/arm/kernel/atags_parse.o
  CC      arch/arm/mach-vexpress/spc.o
  LD      arch/arm/plat-versatile/built-in.o
  AS      arch/arm/kernel/entry-armv.o
  CC      arch/arm/mm/alignment.o
  AS      arch/arm/mm/abort-ev6.o
  AS      arch/arm/mm/abort-ev7.o
  AS      arch/arm/mm/pabort-v6.o
  AS      arch/arm/mm/pabort-v7.o
  CC      arch/arm/kernel/devtree.o
  CC      kernel/fork.o
  CC      mm/filemap.o
  LD      arch/arm/mach-vexpress/built-in.o
  CC      mm/mempool.o
  CC      arch/arm/kernel/hw_breakpoint.o
  AS      arch/arm/mm/cache-v6.o
  AS      arch/arm/mm/cache-v7.o
  CC      arch/arm/mm/copypage-v6.o
  CC      arch/arm/mm/context.o
  AS      arch/arm/mm/tlb-v6.o
  AS      arch/arm/mm/tlb-v7.o
  AS      arch/arm/mm/proc-v6.o
  CC      fs/open.o
  CC      arch/arm/kernel/perf_regs.o
  AS      arch/arm/mm/proc-v7.o
  LD      arch/arm/mm/built-in.o
  CC      ipc/util.o
  CC      arch/arm/kernel/io.o
  CC      kernel/exec_domain.o
  AS      arch/arm/kernel/hyp-stub.o
  AS      arch/arm/kernel/head.o
  LDS     arch/arm/kernel/vmlinux.lds
  LD      arch/arm/kernel/built-in.o
  CC      ipc/msgutil.o
  CC      mm/oom_kill.o
  CC      kernel/panic.o
  CC      security/commoncap.o
  CC      fs/read_write.o
  CC      ipc/msg.o
  CC      mm/fadvise.o
  CC      kernel/cpu.o
  CC      ipc/sem.o
  CC      security/min_addr.o
  CC      mm/maccess.o
  CC      kernel/exit.o
  CC      fs/file_table.o
  LD      security/built-in.o
  CC      fs/super.o
  CC      mm/page_alloc.o
  CC      ipc/shm.o
  CC      crypto/api.o
  CC      fs/char_dev.o
  CC      kernel/softirq.o
  CC      ipc/ipcns_notifier.o
  CC      fs/stat.o
  CC      ipc/syscall.o
  CC      crypto/cipher.o
  CC      ipc/ipc_sysctl.o
  CC      kernel/resource.o
  LD      ipc/built-in.o
  CC      fs/exec.o
  CC      crypto/compress.o
  CC      crypto/memneq.o
  CC      mm/page-writeback.o
  CC      kernel/sysctl.o
  CC      kernel/sysctl_binary.o
  CC      crypto/algapi.o
  CC      kernel/capability.o
  CC      crypto/proc.o
  CC      kernel/ptrace.o
  CC      mm/swap.o
  CC      crypto/ahash.o
  CC      kernel/user.o
  CC      block/bio.o
  CC      kernel/signal.o
  CC      mm/truncate.o
  CC      crypto/shash.o
  CC      mm/vmscan.o
  CC      fs/fcntl.o
  CC      crypto/aes_generic.o
  CC      block/elevator.o
  CC      fs/ioctl.o
  CC      kernel/sys.o
  CC      crypto/deflate.o
  CC      block/blk-core.o
  CC      fs/readdir.o
  CC      mm/shmem.o
  CC      crypto/crc32c_generic.o
  CC      fs/select.o
  CC      crypto/crct10dif_common.o
  CC      crypto/crct10dif_generic.o
  CC      kernel/kmod.o
  CC      crypto/lzo.o
  CC      kernel/workqueue.o
  LD      crypto/crypto.o
  LD      crypto/crypto_algapi.o
  LD      crypto/crypto_hash.o
  LD      crypto/built-in.o
  CC      block/blk-tag.o
  CC      drivers/amba/bus.o
  CC      fs/dcache.o
  CC      mm/util.o
  LD      drivers/amba/built-in.o
  LD      drivers/auxdisplay/built-in.o
  CC      drivers/base/component.o
  CC      block/blk-sysfs.o
  CC      mm/mmzone.o
  CC      drivers/base/core.o
  CC      mm/vmstat.o
  CC      block/blk-flush.o
  CC      mm/backing-dev.o
  CC      block/blk-settings.o
  CC      kernel/pid.o
  CC      fs/inode.o
  CC      mm/mm_init.o
  CC      drivers/base/bus.o
  CC      block/blk-ioc.o
  CC      kernel/task_work.o
  CC      mm/mmu_context.o
  CC      mm/percpu.o
  CC      kernel/extable.o
  CC      fs/attr.o
  CC      drivers/base/dd.o
  CC      block/blk-map.o
  CC      kernel/params.o
  CC      fs/bad_inode.o
  CC      drivers/base/syscore.o
  CC      block/blk-exec.o
  CC      fs/file.o
  CC      drivers/base/driver.o
  CC      kernel/kthread.o
  CC      mm/slab_common.o
  CC      block/blk-merge.o
  CC      drivers/base/class.o
  CC      kernel/sys_ni.o
  CC      fs/filesystems.o
  CC      kernel/nsproxy.o
  CC      mm/compaction.o
  CC      drivers/base/platform.o
  CC      block/blk-softirq.o
  CC      mm/balloon_compaction.o
  CC      fs/namespace.o
  CC      kernel/notifier.o
  CC      block/blk-timeout.o
  CC      mm/vmacache.o
  CC      drivers/base/cpu.o
  CC      kernel/ksysfs.o
  CC      mm/interval_tree.o
  CC      drivers/base/firmware.o
  CC      kernel/cred.o
  CC      block/blk-iopoll.o
  CC      drivers/base/init.o
  CC      drivers/base/map.o
  CC      mm/list_lru.o
  CC      mm/workingset.o
  CC      drivers/base/attribute_container.o
  CC      kernel/async.o
  CC      block/blk-mq.o
  CC      fs/xattr.o
  CC      drivers/base/transport_class.o
  CC      kernel/range.o
  CC      mm/iov_iter.o
  CC      kernel/groups.o
  CC      drivers/base/topology.o
  CC      drivers/base/container.o
  CC      kernel/smpboot.o
  CC      mm/fremap.o
  CC      drivers/base/devtmpfs.o
  CC      fs/libfs.o
  CC      kernel/bpf/core.o
  CC      block/blk-mq-tag.o
  CC      mm/gup.o
  CC      drivers/base/power/opp.o
  CC      fs/fs-writeback.o
  CC      drivers/base/power/clock_ops.o
  CC      block/blk-mq-sysfs.o
  CC      mm/highmem.o
  LD      kernel/bpf/built-in.o
  CC      kernel/events/core.o
  LD      drivers/base/power/built-in.o
  CC      drivers/base/regmap/regmap.o
  CC      mm/madvise.o
  CC      block/blk-mq-cpu.o
  CC      fs/pnode.o
  CC      block/blk-mq-cpumap.o
  CC      mm/memory.o
  CC      fs/splice.o
  CC      drivers/base/regmap/regcache.o
  CC      block/ioctl.o
  CC      drivers/base/regmap/regcache-rbtree.o
  CC      block/genhd.o
  CC      fs/sync.o
  CC      drivers/base/regmap/regcache-lzo.o
  CC      mm/mincore.o
  CC      drivers/base/regmap/regcache-flat.o
  CC      fs/utimes.o
  CC      drivers/base/regmap/regmap-mmio.o
  CC      mm/mlock.o
  CC      block/scsi_ioctl.o
  CC      fs/stack.o
  LD      drivers/base/regmap/built-in.o
  CC      drivers/base/dma-mapping.o

  CC      fs/fs_struct.o
  CC      drivers/base/dma-coherent.o
  CC      mm/mmap.o
  CC      block/partition-generic.o
  CC      fs/statfs.o
  CC      kernel/events/callchain.o
  CC      drivers/base/pinctrl.o
  CC      kernel/events/hw_breakpoint.o
  CC      fs/fs_pin.o
  LD      drivers/base/built-in.o
  CC      drivers/block/brd.o
  CC      block/ioprio.o
  CC      fs/buffer.o
  LD      kernel/events/built-in.o
  CC      kernel/irq/irqdesc.o
  CC      block/partitions/check.o
  LD      drivers/block/built-in.o
  CC      drivers/bus/vexpress-config.o
  CC      kernel/irq/handle.o
  CC      mm/mprotect.o
  LD      drivers/bus/built-in.o
  LD      drivers/cdrom/built-in.o
  CC      drivers/char/mem.o
  CC      block/partitions/msdos.o
  CC      drivers/char/random.o
  CC      block/partitions/efi.o
  CC      kernel/irq/manage.o
  CC      fs/block_dev.o
  CC      mm/msync.o
  CC      kernel/irq/spurious.o
  LD      block/partitions/built-in.o
  CC      block/noop-iosched.o
  CC      drivers/char/misc.o
  CC      mm/rmap.o
  CC      kernel/irq/resend.o
  CC      block/blk-integrity.o
  LD      drivers/char/agp/built-in.o
  CC      drivers/char/hw_random/core.o
  CC      kernel/irq/chip.o
  CC      fs/direct-io.o
  CC      drivers/char/hw_random/bcm2835-rng.o
  CC      block/bio-integrity.o
  CC      kernel/irq/dummychip.o
  CC      mm/vmalloc.o
  LD      drivers/char/hw_random/rng-core.o
  LD      drivers/char/hw_random/built-in.o
  LD      drivers/char/built-in.o
  CC      drivers/clk/clk-devres.o
  CC      kernel/irq/devres.o
  CC      drivers/clk/clkdev.o
  CC      kernel/irq/autoprobe.o
  LD      block/built-in.o
  CC      fs/mpage.o
  CC      drivers/clk/clk.o
  CC      kernel/irq/irqdomain.o
  CC      drivers/clk/clk-divider.o
  CC      fs/proc_namespace.o
  CC      mm/pagewalk.o
  LD      kernel/irq/built-in.o
  CC      kernel/locking/mutex.o
  CC      mm/pgtable-generic.o
  CC      fs/9p/vfs_super.o
  CC      fs/devpts/inode.o
  CC      drivers/clk/clk-fixed-factor.o
  CC      kernel/locking/semaphore.o
  CC      mm/process_vm_access.o
  CC      drivers/clk/clk-fixed-rate.o
  CC      fs/9p/vfs_inode.o
  LD      fs/devpts/devpts.o
  LD      fs/devpts/built-in.o
  CC      drivers/clk/clk-gate.o
  CC      kernel/locking/rwsem.o
  CC      drivers/clk/clk-mux.o
  CC      mm/init-mm.o
  CC      kernel/locking/mcs_spinlock.o
  CC      fs/9p/vfs_inode_dotl.o
  CC      drivers/clk/clk-composite.o
  CC      kernel/locking/rtmutex.o
  CC      mm/nobootmem.o
  CC      drivers/clocksource/clksrc-of.o
  CC      drivers/clk/clk-fractional-divider.o
  CC      drivers/clocksource/mmio.o
  CC      fs/9p/vfs_addr.o
  CC      mm/memblock.o
  CC      drivers/clk/clk-conf.o
  CC      kernel/locking/rwsem-xadd.o
  CC      drivers/clocksource/bcm2835_timer.o
  CC      drivers/clk/clk-bcm2835.o
  LD      kernel/locking/built-in.o
  CC      kernel/power/qos.o
  CC      fs/9p/vfs_file.o
  CC      drivers/clocksource/arm_global_timer.o
  CC      drivers/clk/versatile/clk-icst.o
  CC      drivers/clk/versatile/clk-versatile.o
  CC      drivers/clocksource/versatile.o
  CC      mm/dmapool.o
  CC      drivers/clk/versatile/clk-vexpress.o
  LD      drivers/clocksource/built-in.o
  CC      fs/9p/vfs_dir.o
  LD      kernel/power/built-in.o
  CC      kernel/printk/printk.o
  CC      kernel/rcu/update.o
  CC      drivers/clk/versatile/clk-sp810.o
  CC      kernel/rcu/srcu.o
  CC      fs/9p/vfs_dentry.o
  CC      mm/slub.o
  CC      drivers/clk/versatile/clk-vexpress-osc.o
  CC      kernel/rcu/tiny.o
  CC      fs/9p/v9fs.o
  LD      drivers/clk/versatile/built-in.o
  LD      drivers/clk/built-in.o
  LD      drivers/crypto/built-in.o
  LD      drivers/firewire/built-in.o
  LD      drivers/firmware/built-in.o
  CC      drivers/gpio/devres.o
  CC      drivers/gpio/gpiolib.o
  LD      kernel/rcu/built-in.o
  CC      fs/9p/fid.o
  CC      kernel/sched/core.o
  LD      kernel/printk/built-in.o
  HZFILE  kernel/time/hz.bc
  CC      kernel/time/timer.o
  CC      fs/9p/xattr.o
  CC      fs/9p/xattr_user.o
  CC      drivers/gpio/gpiolib-legacy.o
  CC      drivers/gpio/gpiolib-of.o
  CC      fs/9p/xattr_trusted.o
  CC      kernel/time/hrtimer.o
  CC      drivers/gpio/gpiolib-sysfs.o
  LD      fs/9p/9p.o
  LD      fs/9p/built-in.o
  LD      fs/exofs/built-in.o
  CC      fs/kernfs/mount.o
  LD      mm/built-in.o
  CC      fs/kernfs/inode.o
  CC      kernel/sched/proc.o
  CC      drivers/gpio/gpio-generic.o
  LD      sound/built-in.o
  CC      kernel/time/itimer.o
  CC      fs/nls/nls_base.o
  CC      kernel/sched/clock.o
  CC      fs/kernfs/dir.o
  CC      fs/nls/nls_cp437.o
  CC      kernel/sched/cputime.o
  LD      drivers/gpio/built-in.o
  LD      drivers/gpu/drm/bridge/built-in.o
  LD      drivers/gpu/drm/i2c/built-in.o
  LD      drivers/gpu/drm/panel/built-in.o
  LD      drivers/gpu/drm/built-in.o
  LD      drivers/gpu/vga/built-in.o
  LD      drivers/gpu/built-in.o
  CC      drivers/hid/hid-core.o
  CC      kernel/time/posix-timers.o
  CC      fs/nls/nls_iso8859-1.o
  CC      kernel/sched/idle_task.o
  LD      fs/nls/built-in.o
  CC      drivers/hid/hid-input.o
  CC      kernel/sched/fair.o
  CC      kernel/time/posix-cpu-timers.o
  LD      drivers/hsi/controllers/built-in.o
  LD      drivers/hsi/built-in.o
  CC      kernel/trace/trace_clock.o
  CC      kernel/trace/ring_buffer.o
  CC      drivers/hid/hid-generic.o
  CC      kernel/sched/deadline.o
  CC      drivers/hid/usbhid/hid-core.o
  CC      fs/kernfs/symlink.o
  CC      kernel/time/timekeeping.o
  LD      fs/kernfs/built-in.o
  LD      fs/notify/dnotify/built-in.o
  LD      fs/notify/fanotify/built-in.o
  LD      fs/notify/inotify/built-in.o
  LD      fs/notify/built-in.o
  CC      fs/proc/task_mmu.o
  CC      kernel/sched/stop_task.o
  CC      kernel/sched/wait.o
  CC      fs/proc/inode.o
  CC      drivers/hid/usbhid/hid-quirks.o
  CC      kernel/sched/completion.o
  LD      kernel/trace/built-in.o
  CC      kernel/sched/idle.o
  CC      kernel/time/ntp.o
  LD      drivers/hid/usbhid/usbhid.o
  LD      drivers/hid/usbhid/built-in.o
  LD      drivers/hid/hid.o
  LD      drivers/hid/built-in.o
  LD      drivers/i2c/algos/built-in.o
  CC      fs/proc/root.o
  LD      drivers/i2c/busses/built-in.o
  LD      drivers/i2c/muxes/built-in.o
  LD      drivers/i2c/built-in.o
  LD      drivers/idle/built-in.o
  CC      drivers/input/input.o
  CC      drivers/input/input-compat.o
  CC      drivers/input/serio/serio.o
  LD      kernel/sched/built-in.o
  CC      drivers/input/serio/ambakmi.o
  CC      kernel/time/clocksource.o
  CC      fs/proc/base.o
  CC      drivers/irqchip/irqchip.o
  CC      drivers/irqchip/irq-bcm2835.o
  CC      kernel/time/jiffies.o
  CC      drivers/input/serio/libps2.o
  CC      kernel/time/timer_list.o
  CC      drivers/irqchip/irq-gic.o
  CC      drivers/input/input-mt.o
  LD      drivers/input/serio/built-in.o
  CC      fs/proc/generic.o
  CC      drivers/irqchip/irq-gic-common.o
  CC      kernel/time/timeconv.o
  CC      kernel/time/posix-clock.o
  LD      drivers/leds/built-in.o
  LD      drivers/irqchip/built-in.o
  CC      fs/proc/array.o
  CC      drivers/input/ff-core.o
  LD      drivers/lguest/built-in.o
  CC      drivers/input/keyboard/atkbd.o
  LD      drivers/input/input-core.o
  CC      fs/ramfs/inode.o
  CC      fs/proc/fd.o
  LD      firmware/built-in.o
  CC      fs/proc/proc_tty.o
  LD      drivers/input/keyboard/built-in.o
  LD      drivers/input/built-in.o
  LD      drivers/macintosh/built-in.o
  LD      drivers/media/common/b2c2/built-in.o
  LD      drivers/media/common/saa7146/built-in.o
  LD      drivers/media/common/siano/built-in.o
  LD      drivers/media/common/built-in.o
  LD      drivers/media/firewire/built-in.o
  LD      drivers/media/i2c/soc_camera/built-in.o
  LD      drivers/media/i2c/built-in.o
  LD      drivers/media/mmc/siano/built-in.o
  LD      drivers/media/mmc/built-in.o
  LD      drivers/media/parport/built-in.o
  LD      drivers/media/pci/b2c2/built-in.o
  LD      drivers/media/pci/ddbridge/built-in.o
  LD      drivers/media/pci/dm1105/built-in.o
  LD      drivers/media/pci/mantis/built-in.o
  LD      drivers/media/pci/ngene/built-in.o
  LD      drivers/media/pci/pluto2/built-in.o
  CC      arch/arm/oprofile/../../../drivers/oprofile/oprof.o
  LD      drivers/media/pci/pt1/built-in.o
  LD      drivers/media/pci/saa7146/built-in.o
  LD      drivers/media/pci/ttpci/built-in.o
  LD      drivers/media/pci/built-in.o
  LD      drivers/media/platform/davinci/built-in.o
  LD      drivers/media/platform/built-in.o
  CC      kernel/time/clockevents.o
  LD      drivers/media/rc/keymaps/built-in.o
  LD      drivers/media/rc/built-in.o
  CC      fs/proc/cmdline.o
  LD      drivers/media/tuners/built-in.o
  LD      drivers/media/usb/b2c2/built-in.o
  CC      fs/ramfs/file-mmu.o
  LD      drivers/media/usb/dvb-usb/built-in.o
  LD      drivers/media/usb/dvb-usb-v2/built-in.o
  LD      drivers/media/usb/s2255/built-in.o
  LD      drivers/media/usb/siano/built-in.o
  LD      drivers/media/usb/stkwebcam/built-in.o
  LD      drivers/media/usb/ttusb-budget/built-in.o
  LD      drivers/media/usb/ttusb-dec/built-in.o
  LD      drivers/media/usb/zr364xx/built-in.o
  LD      drivers/media/usb/built-in.o
  LD      drivers/media/built-in.o
  CC      drivers/mfd/mfd-core.o
  CC      fs/proc/consoles.o
  CC      arch/arm/oprofile/../../../drivers/oprofile/cpu_buffer.o
  LD      fs/ramfs/ramfs.o
  LD      fs/ramfs/built-in.o
  CC      fs/proc/cpuinfo.o
  CC      fs/sysfs/file.o
  CC      kernel/time/tick-common.o
  CC      fs/proc/devices.o
  CC      drivers/mfd/syscon.o
  CC      fs/proc/interrupts.o
  CC      arch/arm/oprofile/../../../drivers/oprofile/buffer_sync.o
  CC      fs/sysfs/dir.o
  CC      drivers/mfd/vexpress-sysreg.o
  CC      kernel/time/sched_clock.o
  CC      fs/proc/loadavg.o
  CC      fs/sysfs/symlink.o
  LD      drivers/mfd/built-in.o
  LD      drivers/misc/carma/built-in.o
  LD      drivers/misc/cb710/built-in.o
  LD      drivers/misc/eeprom/built-in.o
  BC      kernel/time/timeconst.h
  LD      drivers/misc/lis3lv02d/built-in.o
  LD      drivers/misc/mic/built-in.o
  LD      drivers/misc/ti-st/built-in.o
  CC      drivers/misc/vexpress-syscfg.o
  CC      arch/arm/oprofile/../../../drivers/oprofile/event_buffer.o
  CC      fs/proc/meminfo.o
  CC      fs/sysfs/mount.o
  CC      arch/arm/oprofile/../../../drivers/oprofile/oprofile_files.o
  LD      drivers/misc/built-in.o
  LD      drivers/mmc/built-in.o
  CC      drivers/net/mii.o
  CC      fs/proc/stat.o
  CC      fs/sysfs/group.o
  LD      kernel/time/built-in.o
  CC      kernel/profile.o
  CC      arch/arm/oprofile/../../../drivers/oprofile/oprofilefs.o
  LD      fs/sysfs/built-in.o
  CC      arch/arm/oprofile/../../../drivers/oprofile/oprofile_stats.o
  CC      fs/proc/uptime.o
  CC      kernel/futex.o
  CC      fs/proc/version.o
  CC      fs/proc/softirqs.o
  CC      arch/arm/oprofile/../../../drivers/oprofile/timer_int.o
  CC      drivers/net/Space.o
  CC      arch/arm/oprofile/common.o
  CC      kernel/up.o
  CC      fs/proc/namespaces.o
  CC      fs/proc/self.o
  CC      drivers/net/loopback.o
  LD      arch/arm/oprofile/oprofile.o
  LD      arch/arm/oprofile/built-in.o
  CC      drivers/net/ethernet/smsc/smsc911x.o
  CC      kernel/uid16.o
  CC      fs/proc/thread_self.o
  CC      fs/proc/proc_sysctl.o
  CC      kernel/kallsyms.o
  LD      drivers/nfc/built-in.o
  CC      drivers/net/phy/phy.o
  CC      drivers/net/usb/asix_devices.o
  CC      kernel/cgroup.o
  CC      drivers/net/phy/phy_device.o
  CC      fs/proc/proc_net.o
  CC      drivers/net/usb/asix_common.o
  LD      drivers/net/ethernet/smsc/built-in.o
  LD      drivers/net/ethernet/built-in.o
  CC      fs/proc/kmsg.o
  CC      drivers/net/usb/ax88172a.o
  LD      fs/proc/proc.o
  LD      fs/proc/built-in.o
  CC      fs/eventpoll.o
  CC      fs/anon_inodes.o
  CC      drivers/net/phy/mdio_bus.o
  CC      drivers/net/usb/ax88179_178a.o
  CC      drivers/net/usb/cdc_ether.o
  CC      drivers/net/usb/smsc95xx.o
  LD      drivers/net/phy/built-in.o
  CC      kernel/cpuset.o
  CC      drivers/net/usb/net1080.o
  CC      fs/timerfd.o
  CC      kernel/hung_task.o
  CC      drivers/of/device.o
  CC      drivers/of/platform.o
  CC      kernel/utsname_sysctl.o
  CC      fs/eventfd.o
  CC      drivers/net/usb/cdc_subset.o
  CC      drivers/net/usb/zaurus.o
  CC      kernel/elfcore.o
  CC      drivers/of/fdt.o
  CC      kernel/irq_work.o
  CC      drivers/of/fdt_address.o
  CC      fs/aio.o
  CC      drivers/net/usb/usbnet.o
  LD      kernel/built-in.o
  CC      net/socket.o
  CC      fs/binfmt_script.o
  CC      drivers/of/address.o
  LD      arch/arm/lib/built-in.o
  AS      arch/arm/lib/ashldi3.o
  AS      arch/arm/lib/ashrdi3.o
  AS      arch/arm/lib/backtrace.o
  AS      arch/arm/lib/bswapsdi2.o
  AS      arch/arm/lib/call_with_stack.o
  AS      arch/arm/lib/changebit.o
  AS      arch/arm/lib/clear_user.o
  AS      arch/arm/lib/clearbit.o
  AS      arch/arm/lib/copy_from_user.o
  AS      arch/arm/lib/copy_page.o
  AS      arch/arm/lib/copy_to_user.o
  AS      arch/arm/lib/csumipv6.o
  AS      arch/arm/lib/csumpartial.o
  AS      arch/arm/lib/csumpartialcopy.o
  AS      arch/arm/lib/csumpartialcopyuser.o
  CC      drivers/of/irq.o
  AS      arch/arm/lib/delay-loop.o
  CC      arch/arm/lib/delay.o
  CC      fs/binfmt_elf.o
  AS      arch/arm/lib/div64.o
  AS      arch/arm/lib/findbit.o
  AS      arch/arm/lib/getuser.o
  AS      arch/arm/lib/io-readsb.o
  AS      arch/arm/lib/io-readsl.o
  CC      drivers/of/of_net.o
  AS      arch/arm/lib/io-readsw-armv4.o
  LD      drivers/net/usb/asix.o
  LD      drivers/net/usb/built-in.o
  AS      arch/arm/lib/io-writesb.o
  LD      drivers/net/built-in.o
  AS      arch/arm/lib/io-writesl.o
  AS      arch/arm/lib/io-writesw-armv4.o
  AS      arch/arm/lib/lib1funcs.o
  CC      drivers/pinctrl/core.o
  AS      arch/arm/lib/lshrdi3.o
  AS      arch/arm/lib/memchr.o
  AS      arch/arm/lib/memcpy.o
  AS      arch/arm/lib/memmove.o
  AS      arch/arm/lib/memset.o
  AS      arch/arm/lib/memzero.o
  AS      arch/arm/lib/muldi3.o
  AS      arch/arm/lib/putuser.o
  AS      arch/arm/lib/setbit.o
  AS      arch/arm/lib/strchr.o
  LD      net/802/built-in.o
  AS      arch/arm/lib/strrchr.o
  CC      net/9p/mod.o
  AS      arch/arm/lib/testchangebit.o
  AS      arch/arm/lib/testclearbit.o
  AS      arch/arm/lib/testsetbit.o
  CC      drivers/of/of_mdio.o
  AS      arch/arm/lib/ucmpdi2.o
  CC      fs/drop_caches.o
  AR      arch/arm/lib/lib.a
  CC      lib/lockref.o
  CC      lib/bcd.o
  CC      net/9p/client.o
  CC      lib/div64.o
  CC      drivers/pinctrl/pinctrl-utils.o
  CC      fs/dcookies.o
  CC      lib/sort.o
  CC      drivers/pinctrl/pinmux.o
  CC      drivers/of/of_reserved_mem.o
  CC      lib/parser.o
  LD      fs/built-in.o
  LD      drivers/platform/built-in.o
  CC      lib/halfmd4.o
  CC      drivers/pinctrl/pinconf.o
  DTC     arch/arm/boot/dts/bcm2835-rpi-b.dtb
  LD      drivers/of/built-in.o
  DTC     arch/arm/boot/dts/vexpress-v2p-ca5s.dtb
  CC      drivers/pinctrl/devicetree.o
  DTC     arch/arm/boot/dts/vexpress-v2p-ca15-tc1.dtb
  DTC     arch/arm/boot/dts/vexpress-v2p-ca15_a7.dtb
  CC      drivers/pinctrl/pinctrl-bcm2835.o
  CC      lib/debug_locks.o
  CC      lib/random32.o
  CC      net/9p/error.o
  CC      net/9p/util.o
  CC      net/core/sock.o
  LD      drivers/pinctrl/nomadik/built-in.o
  LD      drivers/pinctrl/built-in.o
  CC      drivers/power/power_supply_core.o
  CC      drivers/power/power_supply_sysfs.o
  CC      lib/kasprintf.o
  CC      lib/bitmap.o
  CC      drivers/power/reset/vexpress-poweroff.o
  CC      net/9p/trans_fd.o
  CC      lib/scatterlist.o
  LD      drivers/power/reset/built-in.o
  LD      drivers/power/power_supply.o
  LD      drivers/power/built-in.o
  LD      drivers/pwm/built-in.o
  CC      drivers/rtc/rtc-lib.o
  CC      drivers/scsi/scsi.o
  CC      lib/gcd.o
  LD      drivers/rtc/built-in.o
  CC      drivers/scsi/hosts.o
  CC      net/core/request_sock.o
  CC      lib/lcm.o
  CC      lib/list_sort.o
  CC      lib/uuid.o
  CC      net/9p/trans_common.o
  CC      lib/flex_array.o
  CC      drivers/scsi/scsi_ioctl.o
  LD      net/9p/9pnet.o
  LD      net/9p/built-in.o
  CC      drivers/scsi/constants.o
  CC      net/core/skbuff.o
  CC      net/ethernet/eth.o
  CC      lib/iovec.o
  CC      lib/clz_ctz.o
  CC      lib/bsearch.o
  CC      lib/find_last_bit.o
  CC      lib/find_next_bit.o
  CC      net/ipv4/route.o
  CC      lib/llist.o
  CC      drivers/scsi/scsicam.o
  CC      lib/memweight.o
  LD      net/ethernet/built-in.o
  CC      lib/kfifo.o
  CC      net/core/iovec.o
  CC      drivers/scsi/scsi_error.o
  CC      lib/percpu-refcount.o
  CC      net/core/datagram.o
  CC      lib/percpu_ida.o
  CC      lib/hash.o
  CC      lib/rhashtable.o
  CC      net/ipv4/inetpeer.o
  CC      drivers/scsi/scsi_lib.o
  LD      drivers/soc/built-in.o
  CC      net/ipv6/addrconf_core.o
  CC      net/core/stream.o
  CC      lib/string_helpers.o
  CC      lib/kstrtox.o
  CC      net/ipv4/protocol.o
  CC      lib/pci_iomap.o
  CC      net/ipv6/exthdrs_core.o
  CC      net/core/scm.o
  CC      lib/iomap_copy.o
  CC      net/ipv4/ip_input.o
  CC      lib/devres.o
  CC      net/ipv6/ip6_checksum.o
  CC      net/core/gen_stats.o
  CC      drivers/scsi/scsi_lib_dma.o
  CC      lib/bitrev.o
  CC      net/ipv4/ip_fragment.o
  CC      lib/crc16.o
  CC      net/ipv6/ip6_icmp.o
  CC      drivers/scsi/scsi_scan.o
  CC      lib/crc-t10dif.o
  CC      net/core/gen_estimator.o
  HOSTCC  lib/gen_crc32table
  CC      lib/fonts/fonts.o
  CC      net/ipv6/output_core.o
  CC      lib/fonts/font_8x8.o
  CC      lib/fonts/font_8x16.o
  CC      net/ipv4/ip_forward.o
  CC      net/core/net_namespace.o
  LD      lib/fonts/font.o
  LD      lib/fonts/built-in.o
  CC      lib/lzo/lzo1x_compress.o
  CC      drivers/scsi/scsi_sysfs.o
  CC      net/ipv6/protocol.o
  CC      lib/lzo/lzo1x_decompress_safe.o
  CC      net/ipv4/ip_options.o
  CC      net/core/secure_seq.o
  LD      lib/lzo/lzo_compress.o
  LD      lib/lzo/lzo_decompress.o
  LD      lib/lzo/built-in.o
  CC      lib/xz/xz_dec_syms.o
  CC      net/ipv6/ip6_offload.o
  CC      lib/xz/xz_dec_stream.o
  CC      net/core/flow_dissector.o
  CC      lib/xz/xz_dec_lzma2.o
  CC      drivers/scsi/scsi_devinfo.o
  CC      net/ipv6/tcpv6_offload.o
  CC      net/ipv4/ip_output.o
  CC      net/core/sysctl_net_core.o
  CC      drivers/scsi/scsi_sysctl.o
  CC      lib/xz/xz_dec_bcj.o
  CC      net/ipv6/udp_offload.o
  LD      lib/xz/xz_dec.o
  LD      lib/xz/built-in.o
  CC      drivers/scsi/scsi_trace.o
  CC      lib/zlib_deflate/deflate.o
  CC      net/core/dev.o
  LD      drivers/scsi/arm/built-in.o
  LD      drivers/scsi/scsi_mod.o
  LD      drivers/scsi/built-in.o
  CC      drivers/tty/tty_io.o
  CC      net/ipv6/exthdrs_offload.o
  CC      lib/zlib_deflate/deftree.o
  LD      net/ipv6/built-in.o
  CC      net/core/ethtool.o
  CC      net/ipv4/ip_sockglue.o
  CC      lib/zlib_deflate/deflate_syms.o
  LD      lib/zlib_deflate/zlib_deflate.o
  LD      lib/zlib_deflate/built-in.o
  CC      lib/zlib_inflate/inffast.o
  CC      lib/zlib_inflate/inflate.o
  CC      drivers/tty/n_tty.o
  CC      lib/zlib_inflate/infutil.o
  CC      net/ipv4/inet_hashtables.o
  CC      lib/zlib_inflate/inftrees.o
  CC      lib/swiotlb.o
  CC      lib/zlib_inflate/inflate_syms.o
  LD      lib/zlib_inflate/zlib_inflate.o
  LD      lib/zlib_inflate/built-in.o
  CC      net/core/dev_addr_lists.o
  CC      net/ipv4/inet_timewait_sock.o
  CC      net/ipv4/inet_connection_sock.o
  CC      lib/iommu-helper.o
  CC      drivers/tty/tty_ioctl.o
  CC      lib/syscall.o
  CC      net/core/dst.o
  CC      lib/nlattr.o
  CC      drivers/usb/common/usb-common.o
  CC      drivers/tty/tty_ldisc.o
  CC      net/core/netevent.o
  CC      net/ipv4/tcp.o
  LD      drivers/usb/common/built-in.o
  CC      drivers/usb/core/usb.o
  CC      lib/average.o
  CC      lib/dynamic_queue_limits.o
  CC      lib/strncpy_from_user.o
  CC      net/core/neighbour.o
  CC      drivers/usb/core/hub.o
  CC      lib/net_utils.o
  CC      drivers/tty/tty_port.o
  CC      lib/argv_split.o
  CC      lib/bug.o
  CC      lib/cmdline.o
  CC      drivers/tty/tty_mutex.o
  CC      net/ipv4/tcp_input.o
  CC      lib/ctype.o
  CC      lib/dec_and_lock.o
  CC      lib/decompress.o
  CC      drivers/tty/tty_ldsem.o
  CC      lib/decompress_inflate.o
  CC      net/core/rtnetlink.o
  CC      lib/dump_stack.o
  CC      drivers/tty/pty.o
  CC      lib/earlycpio.o
  CC      drivers/usb/core/hcd.o
  CC      lib/extable.o
  CC      lib/fdt.o
  CC      lib/fdt_empty_tree.o
  LD      drivers/tty/ipwireless/built-in.o
  CC      lib/fdt_ro.o
  CC      drivers/tty/serial/serial_core.o
  CC      lib/fdt_rw.o
  CC      lib/fdt_strerror.o
  CC      lib/fdt_sw.o
  CC      drivers/usb/core/urb.o
  CC      lib/fdt_wip.o
  CC      net/core/utils.o
  CC      lib/flex_proportions.o
  CC      lib/idr.o
  CC      drivers/tty/serial/earlycon.o
  CC      drivers/usb/core/message.o
  CC      net/core/link_watch.o
  CC      drivers/tty/serial/amba-pl011.o
  CC      net/ipv4/tcp_output.o
  CC      lib/int_sqrt.o
  CC      lib/ioremap.o
  CC      lib/irq_regs.o
  CC      net/core/filter.o
  CC      lib/is_single_threaded.o
  LD      drivers/tty/serial/built-in.o
  CC      drivers/tty/vt/vt_ioctl.o
  CC      lib/klist.o
  CC      drivers/usb/core/driver.o
  CC      lib/kobject.o
  CC      drivers/usb/core/config.o
  CC      lib/kobject_uevent.o
  CC      net/core/sock_diag.o
  CC      drivers/tty/vt/vc_screen.o
  CC      net/ipv4/tcp_timer.o
  CC      drivers/usb/core/file.o
  CC      net/core/dev_ioctl.o
  CC      lib/md5.o
  CC      drivers/tty/vt/selection.o
  CC      lib/plist.o
  CC      lib/prio_heap.o
  CC      drivers/usb/core/buffer.o
  CC      drivers/tty/vt/keyboard.o
  CC      lib/proportions.o
  CC      net/core/tso.o
  CC      net/ipv4/tcp_ipv4.o
  CC      lib/radix-tree.o
  CC      drivers/usb/core/sysfs.o
  CC      net/core/flow.o
  CC      drivers/usb/core/endpoint.o
  CC      lib/ratelimit.o
  CC      lib/rbtree.o
  CC      drivers/usb/core/devio.o
  CC      lib/reciprocal_div.o
  CC      net/core/net-sysfs.o
  CC      drivers/tty/vt/consolemap.o
  CC      lib/sha1.o
  CC      lib/show_mem.o
  CC      net/ipv4/tcp_minisocks.o
  CC      lib/string.o
  CONMK   drivers/tty/vt/consolemap_deftbl.c
  CC      drivers/tty/vt/vt.o
  CC      lib/timerqueue.o
  CC      net/core/net-procfs.o
  CC      lib/vsprintf.o
  CC      net/ipv4/tcp_cong.o
  CC      drivers/usb/core/notify.o
  LD      net/core/built-in.o
  CC      drivers/usb/core/generic.o
  LD      drivers/video/backlight/built-in.o
  CC      drivers/video/console/dummycon.o
  CC      drivers/usb/core/quirks.o
  CC      drivers/video/console/fbcon.o
  CC      net/ipv4/tcp_metrics.o
  GEN     lib/crc32table.h
  AR      lib/lib.a
  CC      lib/crc32.o
  SHIPPED drivers/tty/vt/defkeymap.c
  CC      drivers/tty/vt/consolemap_deftbl.o
  CC      drivers/tty/vt/defkeymap.o
  LD      drivers/tty/vt/built-in.o
  CC      drivers/usb/core/port.o
  LD      drivers/tty/built-in.o
  CC      drivers/usb/dwc2/core.o
  LD      lib/built-in.o
  CC      net/netlink/af_netlink.o
  CC      net/ipv4/tcp_fastopen.o
  LD      drivers/usb/core/usbcore.o
  LD      drivers/usb/core/built-in.o
  CC      net/packet/af_packet.o
  CC      net/ipv4/tcp_offload.o
  CC      drivers/video/console/bitblit.o
  CC      drivers/usb/dwc2/core_intr.o
  CC      drivers/video/console/softcursor.o
  CC      net/ipv4/datagram.o
  CC      drivers/usb/dwc2/hcd.o
  CC      net/netlink/genetlink.o
  LD      drivers/video/console/built-in.o
  CC      drivers/video/fbdev/core/fb_notify.o
  CC      net/ipv4/raw.o
  CC      drivers/video/fbdev/core/fbmem.o
  LD      net/packet/built-in.o
  CC      net/ipv4/udp.o
  LD      net/netlink/built-in.o
  CC      net/ipv4/udplite.o
  CC      drivers/usb/dwc2/hcd_intr.o
  CC      drivers/video/logo/logo.o
  CC      drivers/video/fbdev/core/fbmon.o
  LOGO    drivers/video/logo/logo_linux_clut224.c
  LOGO    drivers/video/logo/logo_linux_mono.c
  LOGO    drivers/video/logo/logo_superh_mono.c
  LOGO    drivers/video/logo/clut_vga16.c
  LOGO    drivers/video/logo/logo_blackfin_vga16.c
  LOGO    drivers/video/logo/logo_linux_vga16.c
  LOGO    drivers/video/logo/logo_superh_vga16.c
  LOGO    drivers/video/logo/logo_blackfin_clut224.c
  LOGO    drivers/video/logo/logo_dec_clut224.c
  LOGO    drivers/video/logo/logo_m32r_clut224.c
  LOGO    drivers/video/logo/logo_mac_clut224.c
  LOGO    drivers/video/logo/logo_parisc_clut224.c
  LOGO    drivers/video/logo/logo_sgi_clut224.c
  LOGO    drivers/video/logo/logo_spe_clut224.c
  LOGO    drivers/video/logo/logo_sun_clut224.c
  LD      drivers/usb/misc/built-in.o
  LOGO    drivers/video/logo/logo_superh_clut224.c
  CC      net/sched/sch_generic.o
  CC      drivers/video/logo/logo_linux_clut224.o
  LD      drivers/video/logo/built-in.o
  CC      drivers/usb/dwc2/hcd_queue.o
  CC      drivers/video/display_timing.o
  CC      drivers/video/fbdev/core/fbcmap.o
  CC      drivers/usb/dwc2/hcd_ddma.o
  CC      drivers/usb/dwc2/platform.o
  CC      net/sched/sch_mq.o
  CC      net/ipv4/udp_offload.o
  CC      drivers/video/fbdev/core/fbsysfs.o
  CC      drivers/video/fbdev/core/modedb.o
  LD      drivers/usb/dwc2/dwc2.o
  LD      drivers/usb/dwc2/dwc2_platform.o
  LD      drivers/usb/dwc2/built-in.o
  CC      drivers/usb/phy/of.o
  LD      net/sched/built-in.o
  CC      drivers/usb/serial/usb-serial.o
  CC      net/ipv4/arp.o
  CC      net/unix/af_unix.o
  LD      drivers/usb/phy/built-in.o
  CC      drivers/usb/storage/scsiglue.o
  CC      drivers/video/fbdev/core/fbcvt.o
  CC      drivers/video/fbdev/core/cfbfillrect.o
  CC      drivers/usb/storage/protocol.o
  CC      drivers/usb/serial/generic.o
  CC      net/ipv4/icmp.o
  CC      drivers/video/fbdev/core/cfbcopyarea.o
  CC      drivers/usb/storage/transport.o
  CC      drivers/usb/serial/bus.o
  CC      net/unix/garbage.o
  CC      drivers/video/fbdev/core/cfbimgblt.o
  LD      drivers/usb/serial/usbserial.o
  LD      drivers/usb/serial/built-in.o
  LD      drivers/video/fbdev/omap2/displays-new/built-in.o
  CC      drivers/usb/storage/usb.o
  LD      drivers/video/fbdev/omap2/dss/built-in.o
  LD      drivers/video/fbdev/omap2/built-in.o
  LD      drivers/video/fbdev/core/fb.o
  CC      net/ipv4/devinet.o
  LD      drivers/video/fbdev/core/built-in.o
  CC      drivers/video/fbdev/amba-clcd.o
  CC      drivers/video/fbdev/amba-clcd-versatile.o
  CC      net/unix/sysctl_net_unix.o
  CC      drivers/usb/storage/initializers.o
  CC      drivers/usb/usbip/usbip_common.o
  LD      net/unix/unix.o
  LD      net/unix/built-in.o
  CC      net/xfrm/xfrm_policy.o
  LD      drivers/video/fbdev/built-in.o
  CC      drivers/video/videomode.o
  CC      drivers/video/of_display_timing.o
  CC      drivers/usb/storage/sierra_ms.o
  CC      drivers/video/of_videomode.o
  LD      drivers/video/built-in.o
  CC      drivers/usb/storage/option_ms.o
  CC      drivers/usb/usbip/usbip_event.o
  CC      net/ipv4/af_inet.o
  CC      net/ipv4/igmp.o
  CC      drivers/usb/usbip/stub_dev.o
  CC      drivers/usb/storage/usual-tables.o
  LD      drivers/usb/storage/usb-storage.o
  LD      drivers/usb/storage/built-in.o
  CC      net/ipv4/fib_frontend.o
  CC      drivers/usb/usbip/stub_main.o
  CC      drivers/usb/usbip/stub_rx.o
  CC      net/xfrm/xfrm_state.o
  CC      net/xfrm/xfrm_hash.o
  CC      net/xfrm/xfrm_input.o
  CC      net/ipv4/fib_semantics.o
  CC      drivers/usb/usbip/stub_tx.o
  CC      net/ipv4/fib_trie.o
  LD      drivers/usb/usbip/usbip-core.o
  LD      drivers/usb/usbip/usbip-host.o
  LD      drivers/usb/usbip/built-in.o
  LD      drivers/usb/built-in.o
  CC      net/xfrm/xfrm_output.o
  LD      drivers/built-in.o
  CC      net/ipv4/inet_fragment.o
  CC      net/ipv4/ping.o
  CC      net/ipv4/proc.o
  CC      net/xfrm/xfrm_replay.o
  CC      net/ipv4/xfrm4_mode_beet.o
  CC      net/ipv4/xfrm4_mode_transport.o
  CC      net/ipv4/xfrm4_mode_tunnel.o
  CC      net/ipv4/ipconfig.o
  CC      net/ipv4/inet_diag.o
  CC      net/ipv4/tcp_diag.o
  LD      net/xfrm/built-in.o
  CC      net/sysctl_net.o
  CC      net/ipv4/tcp_cubic.o
  CC      net/ipv4/xfrm4_policy.o
  CC      net/ipv4/xfrm4_state.o
  CC      net/ipv4/xfrm4_input.o
  CC      net/ipv4/xfrm4_output.o
  CC      net/ipv4/xfrm4_protocol.o
  LD      net/ipv4/built-in.o
  LD      net/built-in.o
  LINK    vmlinux
  LD      vmlinux.o
  MODPOST vmlinux.o
  GEN     .version
  CHK     include/generated/compile.h
  UPD     include/generated/compile.h
  CC      init/version.o
  LD      init/built-in.o
  KSYM    .tmp_kallsyms1.o
  KSYM    .tmp_kallsyms2.o
  LD      vmlinux
  SORTEX  vmlinux
  SYSMAP  System.map
  OBJCOPY arch/arm/boot/Image
  Kernel: arch/arm/boot/Image is ready
  LDS     arch/arm/boot/compressed/vmlinux.lds
  AS      arch/arm/boot/compressed/head.o
  XZKERN  arch/arm/boot/compressed/piggy.xzkern
  CC      arch/arm/boot/compressed/misc.o
  CC      arch/arm/boot/compressed/decompress.o
  CC      arch/arm/boot/compressed/string.o
  AS      arch/arm/boot/compressed/hyp-stub.o
  AS      arch/arm/boot/compressed/lib1funcs.o
  AS      arch/arm/boot/compressed/ashldi3.o
  AS      arch/arm/boot/compressed/bswapsdi2.o
  AS      arch/arm/boot/compressed/piggy.xzkern.o
  LD      arch/arm/boot/compressed/vmlinux
  OBJCOPY arch/arm/boot/zImage
  Kernel: arch/arm/boot/zImage is ready
